<?xml version="1.0" encoding="UTF-8"?>
<!-- Generated by org.testng.reporters.JUnitXMLReporter -->
<testsuite ignored="0" hostname="DESKTOP-17GLM00" failures="0" tests="3" name="Tests from package" time="28.379" errors="0" timestamp="2023-10-17T22:01:34 EEST">
  <testcase classname="tests.HomePageTests" name="verifyCatalogPopUpAppears" time="3.249"/>
  <testcase classname="tests.ProductDetailsPageTests" name="verifyThatNavigatedToTheCorrectProductDetailsPage" time="4.207"/>
  <testcase classname="tests.SearchResultPageTests" name="verifyThatSearchResultPageTitleIsCorrect" time="1.82"/>
</testsuite> <!-- Tests from package -->
