<?xml version="1.0" encoding="UTF-8"?>
<!-- Generated by org.testng.reporters.JUnitXMLReporter -->
<testsuite ignored="0" hostname="DESKTOP-17GLM00" failures="0" tests="3" name="Tests from package" time="31.828" errors="0" timestamp="2023-10-18T19:18:28 EEST">
  <testcase classname="tests.HomePageTests" name="verifyCatalogPopUpAppears" time="1.117"/>
  <testcase classname="tests.ProductDetailsPageTests" name="verifyThatNavigatedToTheCorrectProductDetailsPage" time="5.623"/>
  <testcase classname="tests.SearchResultPageTests" name="verifyThatSearchResultPageTitleIsCorrect" time="1.876"/>
</testsuite> <!-- Tests from package -->
