<?xml version="1.0" encoding="UTF-8"?>
<!-- Generated by org.testng.reporters.JUnitXMLReporter -->
<testsuite ignored="0" hostname="DESKTOP-17GLM00" failures="1" tests="1" name="Homeworks" time="11.504" errors="0" timestamp="2023-10-09T19:09:51 EEST">
  <testcase classname="tests.HomePageTests" name="verifyCatalogPopUpAppears" time="0.149">
    <failure type="java.lang.VerifyError" message="Expecting a stackmap frame at branch target 54
Exception Details:
  Location:
    page_objects/HomePage.searchProductByWord(Ljava/lang/String;)V @12: invokestatic
  Reason:
    Expected stackmap frame at this location.
  Bytecode:
    0000000: 2b4e b200 792a 2a2d b800 7c4d b800 682c
    0000010: b600 6c2a b600 1f2a b400 1cb9 0023 0200
    0000020: 05bd 0037 5903 2b53 5904 b200 3953 b900
    0000030: 3f02 00a7 0010 3a04 b800 6819 04b6 0070
    0000040: 1904 bfb8 0068 b600 73b1               
  Exception Handler Table:
    bci [12, 54] =&amp;gt; handler: 54
">
      <![CDATA[java.lang.VerifyError: Expecting a stackmap frame at branch target 54
Exception Details:
  Location:
    page_objects/HomePage.searchProductByWord(Ljava/lang/String;)V @12: invokestatic
  Reason:
    Expected stackmap frame at this location.
  Bytecode:
    0000000: 2b4e b200 792a 2a2d b800 7c4d b800 682c
    0000010: b600 6c2a b600 1f2a b400 1cb9 0023 0200
    0000020: 05bd 0037 5903 2b53 5904 b200 3953 b900
    0000030: 3f02 00a7 0010 3a04 b800 6819 04b6 0070
    0000040: 1904 bfb8 0068 b600 73b1               
  Exception Handler Table:
    bci [12, 54] => handler: 54

at tests.HomePageTests.verifyCatalogPopUpAppears(HomePageTests.java:13)
at java.base/java.util.ArrayList.forEach(ArrayList.java:1511)
at com.intellij.rt.testng.IDEARemoteTestNG.run(IDEARemoteTestNG.java:66)
at com.intellij.rt.testng.RemoteTestNGStarter.main(RemoteTestNGStarter.java:105)
... Removed 22 stack frames]]>
    </failure>
  </testcase> <!-- verifyCatalogPopUpAppears -->
</testsuite> <!-- Homeworks -->
