<?xml version="1.0" encoding="UTF-8"?>
<testng-results ignored="0" total="2" passed="1" failed="1" skipped="0">
  <reporter-output>
  </reporter-output>
  <suite started-at="2023-10-23T21:17:27 EEST" name="Test from package" finished-at="2023-10-23T21:17:42 EEST" duration-ms="15111">
    <groups>
    </groups>
    <test started-at="2023-10-23T21:17:27 EEST" name="Tests from package" finished-at="2023-10-23T21:17:42 EEST" duration-ms="15111">
      <class name="ProjectTests.AddToFavoriteTest9">
        <test-method is-config="true" signature="driverInitialization()[pri:0, instance:ProjectTests.AddToFavoriteTest9@29c2c826]" started-at="2023-10-23T21:17:27 EEST" name="driverInitialization" finished-at="2023-10-23T21:17:33 EEST" duration-ms="6056" status="PASS">
          <reporter-output>
          </reporter-output>
        </test-method> <!-- driverInitialization -->
        <test-method signature="addToFavoriteTest()[pri:0, instance:ProjectTests.AddToFavoriteTest9@29c2c826]" started-at="2023-10-23T21:17:33 EEST" name="addToFavoriteTest" finished-at="2023-10-23T21:17:35 EEST" duration-ms="1775" status="FAIL">
          <exception class="org.openqa.selenium.StaleElementReferenceException">
            <message>
              <![CDATA[stale element reference: stale element not found
  (Session info: chrome=118.0.5993.89)
For documentation on this error, please visit: https://www.selenium.dev/documentation/webdriver/troubleshooting/errors#stale-element-reference-exception
Build info: version: '4.12.1', revision: '8e34639b11'
System info: os.name: 'Windows 11', os.arch: 'amd64', os.version: '10.0', java.version: '11.0.20'
Driver info: org.openqa.selenium.chrome.ChromeDriver
Command: [f2d01e81b3ed2238019cfacabe1caa89, clickElement {id=F13857EE949EE5922FB6C4B11E020C8A_element_33}]
Capabilities {acceptInsecureCerts: false, browserName: chrome, browserVersion: 118.0.5993.89, chrome: {chromedriverVersion: 118.0.5993.70 (e52f33f30b91..., userDataDir: C:\Users\user\AppData\Local...}, fedcm:accounts: true, goog:chromeOptions: {debuggerAddress: localhost:58153}, networkConnectionEnabled: false, pageLoadStrategy: normal, platformName: windows, proxy: Proxy(), se:cdp: ws://localhost:58153/devtoo..., se:cdpVersion: 118.0.5993.89, setWindowRect: true, strictFileInteractability: false, timeouts: {implicit: 0, pageLoad: 300000, script: 30000}, unhandledPromptBehavior: dismiss and notify, webauthn:extension:credBlob: true, webauthn:extension:largeBlob: true, webauthn:extension:minPinLength: true, webauthn:extension:prf: true, webauthn:virtualAuthenticators: true}
Element: [[[[ChromeDriver: chrome on windows (f2d01e81b3ed2238019cfacabe1caa89)] -> css selector: [class='fl j-main-catalog-menu main-catalog-menu']]] -> css selector: [class='menu-catalog__item']]
Session ID: f2d01e81b3ed2238019cfacabe1caa89]]>
            </message>
            <full-stacktrace>
              <![CDATA[org.openqa.selenium.StaleElementReferenceException: stale element reference: stale element not found
  (Session info: chrome=118.0.5993.89)
For documentation on this error, please visit: https://www.selenium.dev/documentation/webdriver/troubleshooting/errors#stale-element-reference-exception
Build info: version: '4.12.1', revision: '8e34639b11'
System info: os.name: 'Windows 11', os.arch: 'amd64', os.version: '10.0', java.version: '11.0.20'
Driver info: org.openqa.selenium.chrome.ChromeDriver
Command: [f2d01e81b3ed2238019cfacabe1caa89, clickElement {id=F13857EE949EE5922FB6C4B11E020C8A_element_33}]
Capabilities {acceptInsecureCerts: false, browserName: chrome, browserVersion: 118.0.5993.89, chrome: {chromedriverVersion: 118.0.5993.70 (e52f33f30b91..., userDataDir: C:\Users\user\AppData\Local...}, fedcm:accounts: true, goog:chromeOptions: {debuggerAddress: localhost:58153}, networkConnectionEnabled: false, pageLoadStrategy: normal, platformName: windows, proxy: Proxy(), se:cdp: ws://localhost:58153/devtoo..., se:cdpVersion: 118.0.5993.89, setWindowRect: true, strictFileInteractability: false, timeouts: {implicit: 0, pageLoad: 300000, script: 30000}, unhandledPromptBehavior: dismiss and notify, webauthn:extension:credBlob: true, webauthn:extension:largeBlob: true, webauthn:extension:minPinLength: true, webauthn:extension:prf: true, webauthn:virtualAuthenticators: true}
Element: [[[[ChromeDriver: chrome on windows (f2d01e81b3ed2238019cfacabe1caa89)] -> css selector: [class='fl j-main-catalog-menu main-catalog-menu']]] -> css selector: [class='menu-catalog__item']]
Session ID: f2d01e81b3ed2238019cfacabe1caa89
at java.base/jdk.internal.reflect.NativeConstructorAccessorImpl.newInstance0(Native Method)
at java.base/jdk.internal.reflect.NativeConstructorAccessorImpl.newInstance(NativeConstructorAccessorImpl.java:62)
at java.base/jdk.internal.reflect.DelegatingConstructorAccessorImpl.newInstance(DelegatingConstructorAccessorImpl.java:45)
at java.base/java.lang.reflect.Constructor.newInstance(Constructor.java:490)
at org.openqa.selenium.remote.codec.w3c.W3CHttpResponseCodec.createException(W3CHttpResponseCodec.java:200)
at org.openqa.selenium.remote.codec.w3c.W3CHttpResponseCodec.decode(W3CHttpResponseCodec.java:133)
at org.openqa.selenium.remote.codec.w3c.W3CHttpResponseCodec.decode(W3CHttpResponseCodec.java:52)
at org.openqa.selenium.remote.HttpCommandExecutor.execute(HttpCommandExecutor.java:191)
at org.openqa.selenium.remote.service.DriverCommandExecutor.invokeExecute(DriverCommandExecutor.java:196)
at org.openqa.selenium.remote.service.DriverCommandExecutor.execute(DriverCommandExecutor.java:171)
at org.openqa.selenium.remote.RemoteWebDriver.execute(RemoteWebDriver.java:602)
at org.openqa.selenium.remote.RemoteWebElement.execute(RemoteWebElement.java:224)
at org.openqa.selenium.remote.RemoteWebElement.click(RemoteWebElement.java:77)
at ProjectPages.HomePage.clickOnCatalogMenuCategory(HomePage.java:127)
at ProjectTests.AddToFavoriteTest9.addToFavoriteTest(AddToFavoriteTest9.java:22)
at java.base/jdk.internal.reflect.NativeMethodAccessorImpl.invoke0(Native Method)
at java.base/jdk.internal.reflect.NativeMethodAccessorImpl.invoke(NativeMethodAccessorImpl.java:62)
at java.base/jdk.internal.reflect.DelegatingMethodAccessorImpl.invoke(DelegatingMethodAccessorImpl.java:43)
at java.base/java.lang.reflect.Method.invoke(Method.java:566)
at org.testng.internal.invokers.MethodInvocationHelper.invokeMethod(MethodInvocationHelper.java:139)
at org.testng.internal.invokers.TestInvoker.invokeMethod(TestInvoker.java:664)
at org.testng.internal.invokers.TestInvoker.invokeTestMethod(TestInvoker.java:227)
at org.testng.internal.invokers.MethodRunner.runInSequence(MethodRunner.java:50)
at org.testng.internal.invokers.TestInvoker$MethodInvocationAgent.invoke(TestInvoker.java:957)
at org.testng.internal.invokers.TestInvoker.invokeTestMethods(TestInvoker.java:200)
at org.testng.internal.invokers.TestMethodWorker.invokeTestMethods(TestMethodWorker.java:148)
at org.testng.internal.invokers.TestMethodWorker.run(TestMethodWorker.java:128)
at java.base/java.util.ArrayList.forEach(ArrayList.java:1541)
at org.testng.TestRunner.privateRun(TestRunner.java:848)
at org.testng.TestRunner.run(TestRunner.java:621)
at org.testng.SuiteRunner.runTest(SuiteRunner.java:443)
at org.testng.SuiteRunner$SuiteWorker.run(SuiteRunner.java:481)
at org.testng.internal.thread.ThreadUtil.lambda$execute$0(ThreadUtil.java:58)
at java.base/java.util.concurrent.FutureTask.run(FutureTask.java:264)
at java.base/java.util.concurrent.ThreadPoolExecutor.runWorker(ThreadPoolExecutor.java:1128)
at java.base/java.util.concurrent.ThreadPoolExecutor$Worker.run(ThreadPoolExecutor.java:628)
at java.base/java.lang.Thread.run(Thread.java:834)
]]>
            </full-stacktrace>
          </exception> <!-- org.openqa.selenium.StaleElementReferenceException -->
          <reporter-output>
          </reporter-output>
        </test-method> <!-- addToFavoriteTest -->
        <test-method is-config="true" signature="closeDriver()[pri:0, instance:ProjectTests.AddToFavoriteTest9@29c2c826]" started-at="2023-10-23T21:17:35 EEST" name="closeDriver" finished-at="2023-10-23T21:17:35 EEST" duration-ms="125" status="PASS">
          <reporter-output>
          </reporter-output>
        </test-method> <!-- closeDriver -->
      </class> <!-- ProjectTests.AddToFavoriteTest9 -->
      <class name="ProjectTests.AddToCartTest">
        <test-method is-config="true" signature="driverInitialization()[pri:0, instance:ProjectTests.AddToCartTest@7772054c]" started-at="2023-10-23T21:17:35 EEST" name="driverInitialization" finished-at="2023-10-23T21:17:38 EEST" duration-ms="3005" status="PASS">
          <reporter-output>
          </reporter-output>
        </test-method> <!-- driverInitialization -->
        <test-method signature="addToCartTest()[pri:0, instance:ProjectTests.AddToCartTest@7772054c]" started-at="2023-10-23T21:17:38 EEST" name="addToCartTest" finished-at="2023-10-23T21:17:42 EEST" duration-ms="3613" status="PASS">
          <reporter-output>
          </reporter-output>
        </test-method> <!-- addToCartTest -->
        <test-method is-config="true" signature="closeDriver()[pri:0, instance:ProjectTests.AddToCartTest@7772054c]" started-at="2023-10-23T21:17:42 EEST" name="closeDriver" finished-at="2023-10-23T21:17:42 EEST" duration-ms="126" status="PASS">
          <reporter-output>
          </reporter-output>
        </test-method> <!-- closeDriver -->
      </class> <!-- ProjectTests.AddToCartTest -->
    </test> <!-- Tests from package -->
  </suite> <!-- Test from package -->
</testng-results>
