<?xml version="1.0" encoding="UTF-8"?>
<testng-results ignored="0" total="3" passed="3" failed="0" skipped="0">
  <reporter-output>
  </reporter-output>
  <suite started-at="2023-10-17T22:01:05 EEST" name="Test from package" finished-at="2023-10-17T22:01:34 EEST" duration-ms="28379">
    <groups>
    </groups>
    <test started-at="2023-10-17T22:01:05 EEST" name="Tests from package" finished-at="2023-10-17T22:01:34 EEST" duration-ms="28379">
      <class name="tests.SearchResultPageTests">
        <test-method is-config="true" signature="driverInitialization()[pri:0, instance:tests.SearchResultPageTests@989da1]" started-at="2023-10-17T22:01:27 EEST" name="driverInitialization" finished-at="2023-10-17T22:01:32 EEST" duration-ms="5220" status="PASS">
          <reporter-output>
          </reporter-output>
        </test-method> <!-- driverInitialization -->
        <test-method signature="verifyThatSearchResultPageTitleIsCorrect()[pri:0, instance:tests.SearchResultPageTests@989da1]" started-at="2023-10-17T22:01:32 EEST" name="verifyThatSearchResultPageTitleIsCorrect" finished-at="2023-10-17T22:01:34 EEST" duration-ms="1820" status="PASS">
          <reporter-output>
          </reporter-output>
        </test-method> <!-- verifyThatSearchResultPageTitleIsCorrect -->
        <test-method is-config="true" signature="closeDriver()[pri:0, instance:tests.SearchResultPageTests@989da1]" started-at="2023-10-17T22:01:34 EEST" name="closeDriver" finished-at="2023-10-17T22:01:34 EEST" duration-ms="99" status="PASS">
          <reporter-output>
          </reporter-output>
        </test-method> <!-- closeDriver -->
      </class> <!-- tests.SearchResultPageTests -->
      <class name="tests.HomePageTests">
        <test-method is-config="true" signature="driverInitialization()[pri:0, instance:tests.HomePageTests@7bef452c]" started-at="2023-10-17T22:01:05 EEST" name="driverInitialization" finished-at="2023-10-17T22:01:12 EEST" duration-ms="6329" status="PASS">
          <reporter-output>
          </reporter-output>
        </test-method> <!-- driverInitialization -->
        <test-method signature="verifyCatalogPopUpAppears()[pri:0, instance:tests.HomePageTests@7bef452c]" started-at="2023-10-17T22:01:12 EEST" name="verifyCatalogPopUpAppears" description="Catalog pop up arrears after clicking on catalog button" finished-at="2023-10-17T22:01:15 EEST" duration-ms="3249" status="PASS">
          <reporter-output>
          </reporter-output>
        </test-method> <!-- verifyCatalogPopUpAppears -->
        <test-method is-config="true" signature="closeDriver()[pri:0, instance:tests.HomePageTests@7bef452c]" started-at="2023-10-17T22:01:15 EEST" name="closeDriver" finished-at="2023-10-17T22:01:15 EEST" duration-ms="152" status="PASS">
          <reporter-output>
          </reporter-output>
        </test-method> <!-- closeDriver -->
      </class> <!-- tests.HomePageTests -->
      <class name="tests.ProductDetailsPageTests">
        <test-method is-config="true" signature="driverInitialization()[pri:0, instance:tests.ProductDetailsPageTests@67001148]" started-at="2023-10-17T22:01:15 EEST" name="driverInitialization" finished-at="2023-10-17T22:01:22 EEST" duration-ms="6858" status="PASS">
          <reporter-output>
          </reporter-output>
        </test-method> <!-- driverInitialization -->
        <test-method signature="verifyThatNavigatedToTheCorrectProductDetailsPage()[pri:0, instance:tests.ProductDetailsPageTests@67001148]" started-at="2023-10-17T22:01:22 EEST" name="verifyThatNavigatedToTheCorrectProductDetailsPage" finished-at="2023-10-17T22:01:26 EEST" duration-ms="4207" status="PASS">
          <reporter-output>
          </reporter-output>
        </test-method> <!-- verifyThatNavigatedToTheCorrectProductDetailsPage -->
        <test-method is-config="true" signature="closeDriver()[pri:0, instance:tests.ProductDetailsPageTests@67001148]" started-at="2023-10-17T22:01:26 EEST" name="closeDriver" finished-at="2023-10-17T22:01:27 EEST" duration-ms="101" status="PASS">
          <reporter-output>
          </reporter-output>
        </test-method> <!-- closeDriver -->
      </class> <!-- tests.ProductDetailsPageTests -->
    </test> <!-- Tests from package -->
  </suite> <!-- Test from package -->
</testng-results>
