<?xml version="1.0" encoding="UTF-8"?>
<!-- Generated by org.testng.reporters.JUnitReportReporter -->
<testsuite hostname="DESKTOP-17GLM00" failures="0" tests="1" name="tests.HomePageTests" time="11.166" errors="1" timestamp="2023-10-09T19:09:51 EEST" skipped="0">
  <testcase classname="tests.HomePageTests" name="verifyCatalogPopUpAppears" time="11.166">
    <error message="Expecting a stackmap frame at branch target 54
Exception Details:
  Location:
    page_objects/HomePage.searchProductByWord(Ljava/lang/String;)V @12: invokestatic
  Reason:
    Expected stackmap frame at this location.
  Bytecode:
    0000000: 2b4e b200 792a 2a2d b800 7c4d b800 682c
    0000010: b600 6c2a b600 1f2a b400 1cb9 0023 0200
    0000020: 05bd 0037 5903 2b53 5904 b200 3953 b900
    0000030: 3f02 00a7 0010 3a04 b800 6819 04b6 0070
    0000040: 1904 bfb8 0068 b600 73b1               
  Exception Handler Table:
    bci [12, 54] =&gt; handler: 54
" type="java.lang.VerifyError">
      <![CDATA[java.lang.VerifyError: Expecting a stackmap frame at branch target 54
Exception Details:
  Location:
    page_objects/HomePage.searchProductByWord(Ljava/lang/String;)V @12: invokestatic
  Reason:
    Expected stackmap frame at this location.
  Bytecode:
    0000000: 2b4e b200 792a 2a2d b800 7c4d b800 682c
    0000010: b600 6c2a b600 1f2a b400 1cb9 0023 0200
    0000020: 05bd 0037 5903 2b53 5904 b200 3953 b900
    0000030: 3f02 00a7 0010 3a04 b800 6819 04b6 0070
    0000040: 1904 bfb8 0068 b600 73b1               
  Exception Handler Table:
    bci [12, 54] => handler: 54

at tests.HomePageTests.verifyCatalogPopUpAppears(HomePageTests.java:13)
at java.base/jdk.internal.reflect.DirectMethodHandleAccessor.invoke(DirectMethodHandleAccessor.java:104)
at java.base/java.lang.reflect.Method.invoke(Method.java:578)
at org.testng.internal.invokers.MethodInvocationHelper.invokeMethod(MethodInvocationHelper.java:139)
at org.testng.internal.invokers.TestInvoker.invokeMethod(TestInvoker.java:664)
at org.testng.internal.invokers.TestInvoker.invokeTestMethod(TestInvoker.java:227)
at org.testng.internal.invokers.MethodRunner.runInSequence(MethodRunner.java:50)
at org.testng.internal.invokers.TestInvoker$MethodInvocationAgent.invoke(TestInvoker.java:957)
at org.testng.internal.invokers.TestInvoker.invokeTestMethods(TestInvoker.java:200)
at org.testng.internal.invokers.TestMethodWorker.invokeTestMethods(TestMethodWorker.java:148)
at org.testng.internal.invokers.TestMethodWorker.run(TestMethodWorker.java:128)
at java.base/java.util.ArrayList.forEach(ArrayList.java:1511)
at org.testng.TestRunner.privateRun(TestRunner.java:848)
at org.testng.TestRunner.run(TestRunner.java:621)
at org.testng.SuiteRunner.runTest(SuiteRunner.java:443)
at org.testng.SuiteRunner.runSequentially(SuiteRunner.java:437)
at org.testng.SuiteRunner.privateRun(SuiteRunner.java:397)
at org.testng.SuiteRunner.run(SuiteRunner.java:336)
at org.testng.SuiteRunnerWorker.runSuite(SuiteRunnerWorker.java:52)
at org.testng.SuiteRunnerWorker.run(SuiteRunnerWorker.java:95)
at org.testng.TestNG.runSuitesSequentially(TestNG.java:1280)
at org.testng.TestNG.runSuitesLocally(TestNG.java:1200)
at org.testng.TestNG.runSuites(TestNG.java:1114)
at org.testng.TestNG.run(TestNG.java:1082)
at com.intellij.rt.testng.IDEARemoteTestNG.run(IDEARemoteTestNG.java:66)
at com.intellij.rt.testng.RemoteTestNGStarter.main(RemoteTestNGStarter.java:105)
]]>
    </error>
  </testcase> <!-- verifyCatalogPopUpAppears -->
</testsuite> <!-- tests.HomePageTests -->
